<?xml version="1.0" encoding="UTF-8"?>
<!-- Generated by org.testng.reporters.JUnitXMLReporter -->
<testsuite ignored="1" hostname="IN-B1BTTN3" failures="0" tests="1" name="ErrorValidationTest" time="3.788" errors="0" timestamp="2023-07-01T11:03:05 IST">
  <testcase classname="RahulShettyAcademy.SeleniumFrameworkDesign.ErrorValidationTest" name="ErrorValidation" time="0.617"/>
  <testcase classname="RahulShettyAcademy.SeleniumFrameworkDesign.ErrorValidationTest" name="ErrorValidationorderitem" time="0.0">
    <ignored/>
  </testcase> <!-- ErrorValidationorderitem -->
</testsuite> <!-- ErrorValidationTest -->
