<?xml version="1.0" encoding="UTF-8"?>
<!-- Generated by org.testng.reporters.JUnitXMLReporter -->
<testsuite ignored="1" hostname="IN-B1BTTN3" failures="0" tests="2" name="SubmitOrderTest" time="30.026" errors="0" timestamp="2023-07-01T11:03:01 IST">
  <testcase classname="RahulShettyAcademy.SeleniumFrameworkDesign.SubmitOrderTest" name="submitOrder" time="4.069"/>
  <testcase classname="RahulShettyAcademy.SeleniumFrameworkDesign.SubmitOrderTest" name="submitOrder" time="3.864"/>
  <testcase classname="RahulShettyAcademy.SeleniumFrameworkDesign.SubmitOrderTest" name="orderHistroyTest" time="0.0">
    <ignored/>
  </testcase> <!-- orderHistroyTest -->
</testsuite> <!-- SubmitOrderTest -->
