<?xml version="1.0" encoding="UTF-8"?>
<!-- Generated by org.testng.reporters.JUnitXMLReporter -->
<testsuite ignored="0" hostname="IN-B1BTTN3" failures="0" tests="5" name="Test" time="28.74" errors="0" timestamp="2023-06-20T16:32:06 IST">
  <testcase classname="RahulShettyAcademy.SeleniumFrameworkDesign.SubmitOrderTest" name="submitOrder" time="3.92"/>
  <testcase classname="RahulShettyAcademy.SeleniumFrameworkDesign.SubmitOrderTest" name="submitOrder" time="4.099"/>
  <testcase classname="RahulShettyAcademy.SeleniumFrameworkDesign.SubmitOrderTest" name="orderHistroyTest" time="0.912"/>
  <testcase classname="RahulShettyAcademy.SeleniumFrameworkDesign.ErrorValidationTest" name="ErrorValidation" time="0.674"/>
  <testcase classname="RahulShettyAcademy.SeleniumFrameworkDesign.ErrorValidationTest" name="ErrorValidationorderitem" time="2.971"/>
</testsuite> <!-- Test -->
