<?xml version="1.0" encoding="UTF-8"?>
<!-- Generated by org.testng.reporters.JUnitXMLReporter -->
<testsuite ignored="1" hostname="IN-B1BTTN3" failures="0" tests="2" name="SubmitOrderTest" time="22.652" errors="0" timestamp="2023-06-19T11:07:29 IST">
  <testcase classname="RahulShettyAcademy.SeleniumFrameworkDesign.SubmitOrderTest" name="submitOrder" time="6.146"/>
  <testcase classname="RahulShettyAcademy.SeleniumFrameworkDesign.SubmitOrderTest" name="submitOrder" time="5.387"/>
  <testcase classname="RahulShettyAcademy.SeleniumFrameworkDesign.SubmitOrderTest" name="orderHistroyTest" time="0.0">
    <ignored/>
  </testcase> <!-- orderHistroyTest -->
</testsuite> <!-- SubmitOrderTest -->
