<?xml version="1.0" encoding="UTF-8"?>
<!-- Generated by org.testng.reporters.JUnitXMLReporter -->
<testsuite ignored="0" hostname="IN-B1BTTN3" failures="0" tests="5" name="Test" time="31.861" errors="0" timestamp="2023-06-20T16:30:17 IST">
  <testcase classname="RahulShettyAcademy.SeleniumFrameworkDesign.SubmitOrderTest" name="submitOrder" time="3.83"/>
  <testcase classname="RahulShettyAcademy.SeleniumFrameworkDesign.SubmitOrderTest" name="submitOrder" time="3.928"/>
  <testcase classname="RahulShettyAcademy.SeleniumFrameworkDesign.SubmitOrderTest" name="orderHistroyTest" time="0.926"/>
  <testcase classname="RahulShettyAcademy.SeleniumFrameworkDesign.ErrorValidationTest" name="ErrorValidation" time="1.125"/>
  <testcase classname="RahulShettyAcademy.SeleniumFrameworkDesign.ErrorValidationTest" name="ErrorValidationorderitem" time="3.0"/>
</testsuite> <!-- Test -->
