<?xml version="1.0" encoding="UTF-8"?>
<testng-results ignored="2" total="5" passed="3" failed="0" skipped="0">
  <reporter-output>
  </reporter-output>
  <suite started-at="2023-07-01T11:02:31 IST" name="Suite" finished-at="2023-07-01T11:03:05 IST" duration-ms="34085">
    <groups>
      <group name="Sanket">
        <method signature="SubmitOrderTest.submitOrder(java.lang.String,java.lang.String)[pri:0, instance:RahulShettyAcademy.SeleniumFrameworkDesign.SubmitOrderTest@1869fbd2]" name="submitOrder" class="RahulShettyAcademy.SeleniumFrameworkDesign.SubmitOrderTest"/>
        <method signature="ErrorValidationTest.ErrorValidation()[pri:0, instance:RahulShettyAcademy.SeleniumFrameworkDesign.ErrorValidationTest@52c3cb31]" name="ErrorValidation" class="RahulShettyAcademy.SeleniumFrameworkDesign.ErrorValidationTest"/>
      </group> <!-- Sanket -->
    </groups>
    <test started-at="2023-07-01T11:02:31 IST" name="SubmitOrderTest" finished-at="2023-07-01T11:03:01 IST" duration-ms="30026">
      <class name="RahulShettyAcademy.SeleniumFrameworkDesign.SubmitOrderTest">
        <test-method is-config="true" signature="launchapp()[pri:0, instance:RahulShettyAcademy.SeleniumFrameworkDesign.SubmitOrderTest@1869fbd2]" started-at="2023-07-01T11:02:31 IST" name="launchapp" finished-at="2023-07-01T11:02:49 IST" duration-ms="18478" status="PASS">
          <reporter-output>
          </reporter-output>
        </test-method> <!-- launchapp -->
        <test-method signature="submitOrder(java.lang.String,java.lang.String)[pri:0, instance:RahulShettyAcademy.SeleniumFrameworkDesign.SubmitOrderTest@1869fbd2]" started-at="2023-07-01T11:02:49 IST" name="submitOrder" data-provider="getdata" finished-at="2023-07-01T11:02:53 IST" duration-ms="4069" status="PASS">
          <params>
            <param index="0">
              <value>
                <![CDATA[sanketgunthe@gmail.com]]>
              </value>
            </param>
            <param index="1">
              <value>
                <![CDATA[Sanku8983#]]>
              </value>
            </param>
          </params>
          <reporter-output>
          </reporter-output>
        </test-method> <!-- submitOrder -->
        <test-method is-config="true" signature="closebrowser()[pri:0, instance:RahulShettyAcademy.SeleniumFrameworkDesign.SubmitOrderTest@1869fbd2]" started-at="2023-07-01T11:02:53 IST" name="closebrowser" finished-at="2023-07-01T11:02:53 IST" duration-ms="82" status="PASS">
          <reporter-output>
          </reporter-output>
        </test-method> <!-- closebrowser -->
        <test-method is-config="true" signature="launchapp()[pri:0, instance:RahulShettyAcademy.SeleniumFrameworkDesign.SubmitOrderTest@1869fbd2]" started-at="2023-07-01T11:02:53 IST" name="launchapp" finished-at="2023-07-01T11:02:57 IST" duration-ms="3405" status="PASS">
          <reporter-output>
          </reporter-output>
        </test-method> <!-- launchapp -->
        <test-method signature="submitOrder(java.lang.String,java.lang.String)[pri:0, instance:RahulShettyAcademy.SeleniumFrameworkDesign.SubmitOrderTest@1869fbd2]" started-at="2023-07-01T11:02:57 IST" name="submitOrder" data-provider="getdata" finished-at="2023-07-01T11:03:01 IST" duration-ms="3864" status="PASS">
          <params>
            <param index="0">
              <value>
                <![CDATA[sanketgunthe06@gmail.com]]>
              </value>
            </param>
            <param index="1">
              <value>
                <![CDATA[Sanku8983#]]>
              </value>
            </param>
          </params>
          <reporter-output>
          </reporter-output>
        </test-method> <!-- submitOrder -->
        <test-method is-config="true" signature="closebrowser()[pri:0, instance:RahulShettyAcademy.SeleniumFrameworkDesign.SubmitOrderTest@1869fbd2]" started-at="2023-07-01T11:03:01 IST" name="closebrowser" finished-at="2023-07-01T11:03:01 IST" duration-ms="85" status="PASS">
          <reporter-output>
          </reporter-output>
        </test-method> <!-- closebrowser -->
      </class> <!-- RahulShettyAcademy.SeleniumFrameworkDesign.SubmitOrderTest -->
    </test> <!-- SubmitOrderTest -->
    <test started-at="2023-07-01T11:03:01 IST" name="ErrorValidationTest" finished-at="2023-07-01T11:03:05 IST" duration-ms="3788">
      <class name="RahulShettyAcademy.SeleniumFrameworkDesign.ErrorValidationTest">
        <test-method is-config="true" signature="launchapp()[pri:0, instance:RahulShettyAcademy.SeleniumFrameworkDesign.ErrorValidationTest@52c3cb31]" started-at="2023-07-01T11:03:01 IST" name="launchapp" finished-at="2023-07-01T11:03:04 IST" duration-ms="3110" status="PASS">
          <reporter-output>
          </reporter-output>
        </test-method> <!-- launchapp -->
        <test-method signature="ErrorValidation()[pri:0, instance:RahulShettyAcademy.SeleniumFrameworkDesign.ErrorValidationTest@52c3cb31]" started-at="2023-07-01T11:03:04 IST" name="ErrorValidation" finished-at="2023-07-01T11:03:05 IST" duration-ms="617" status="PASS">
          <reporter-output>
          </reporter-output>
        </test-method> <!-- ErrorValidation -->
        <test-method is-config="true" signature="closebrowser()[pri:0, instance:RahulShettyAcademy.SeleniumFrameworkDesign.ErrorValidationTest@52c3cb31]" started-at="2023-07-01T11:03:05 IST" name="closebrowser" finished-at="2023-07-01T11:03:05 IST" duration-ms="59" status="PASS">
          <reporter-output>
          </reporter-output>
        </test-method> <!-- closebrowser -->
      </class> <!-- RahulShettyAcademy.SeleniumFrameworkDesign.ErrorValidationTest -->
    </test> <!-- ErrorValidationTest -->
  </suite> <!-- Suite -->
</testng-results>
